<?xml version="1.0" encoding="UTF-8"?>
<!-- Generated by org.testng.reporters.JUnitReportReporter -->
<testsuite hostname="LAPTOP-EPUCFMHC" failures="0" tests="1" name="frame.Test.NewTest" time="0.007" errors="0" timestamp="2021-07-31T05:19:45 IST" skipped="0">
  <testcase classname="frame.Test.NewTest" name="f" time="0.007"/>
  <system-out/>
</testsuite> <!-- frame.Test.NewTest -->
